2014-07-15 14:41:03,489 INFO  - Initializing GeositeFramework, version 0.1.0
2014-08-04 08:37:59,604 INFO  - Initializing GeositeFramework, version 0.1.0
2014-08-04 09:30:35,063 INFO  - Initializing GeositeFramework, version 0.1.0
2014-08-04 09:34:09,946 INFO  - Initializing GeositeFramework, version 0.1.0
2014-08-04 09:35:13,789 INFO  - Initializing GeositeFramework, version 0.1.0
2014-08-04 09:36:36,864 INFO  - Initializing GeositeFramework, version 0.1.0
2014-08-04 10:50:40,956 INFO  - Initializing GeositeFramework, version 0.1.0
2014-08-04 11:39:57,438 INFO  - Initializing GeositeFramework, version 0.1.0
2014-08-04 13:12:49,925 INFO  - Initializing GeositeFramework, version 0.1.0
2014-08-04 13:41:46,101 INFO  - Initializing GeositeFramework, version 0.1.0
2014-08-04 13:43:54,713 INFO  - Initializing GeositeFramework, version 0.1.0
2014-08-04 13:51:33,278 INFO  - Initializing GeositeFramework, version 0.1.0
2014-08-04 14:26:17,339 INFO  - Initializing GeositeFramework, version 0.1.0
2014-08-04 14:35:37,558 INFO  - Initializing GeositeFramework, version 0.1.0
2014-08-04 14:37:43,797 INFO  - Initializing GeositeFramework, version 0.1.0
2014-08-04 14:47:39,331 INFO  - Initializing GeositeFramework, version 0.1.0
2014-08-04 14:52:32,099 INFO  - Initializing GeositeFramework, version 0.1.0
2014-08-04 14:56:59,643 INFO  - Initializing GeositeFramework, version 0.1.0
2014-08-04 15:02:51,808 INFO  - Initializing GeositeFramework, version 0.1.0
2014-08-04 15:10:45,779 INFO  - Initializing GeositeFramework, version 0.1.0
2014-08-04 23:10:00,381 INFO  - Initializing GeositeFramework, version 0.1.0
2014-08-05 09:50:58,940 INFO  - Initializing GeositeFramework, version 0.1.0
2014-08-05 09:52:48,266 INFO  - Initializing GeositeFramework, version 0.1.0
2014-08-05 10:05:48,513 INFO  - Initializing GeositeFramework, version 0.1.0
2014-08-05 10:10:15,465 INFO  - Initializing GeositeFramework, version 0.1.0
2014-08-05 10:14:15,221 INFO  - Initializing GeositeFramework, version 0.1.0
2014-08-05 13:16:37,493 INFO  - Initializing GeositeFramework, version 0.1.0
2014-08-05 13:19:22,117 INFO  - Initializing GeositeFramework, version 0.1.0
2014-08-05 14:11:16,688 INFO  - Initializing GeositeFramework, version 0.1.0
2014-08-05 14:11:29,674 INFO  - Initializing GeositeFramework, version 0.1.0
2014-08-06 11:16:52,785 INFO  - Initializing GeositeFramework, version 0.1.0
2014-08-06 11:23:12,167 INFO  - Initializing GeositeFramework, version 0.1.0
2014-08-06 15:11:31,965 INFO  - Initializing GeositeFramework, version 0.1.0
2014-08-08 18:14:52,601 INFO  - Initializing GeositeFramework, version 0.1.0
2014-08-12 13:30:08,179 INFO  - Initializing GeositeFramework, version 0.1.0
2014-08-13 15:07:56,953 INFO  - Initializing GeositeFramework, version 0.1.0
2014-08-14 10:03:40,637 INFO  - Initializing GeositeFramework, version 0.1.0
2014-08-14 11:02:43,051 INFO  - Initializing GeositeFramework, version 0.1.0
2014-08-14 11:30:13,988 INFO  - Initializing GeositeFramework, version 0.1.0
2014-08-14 11:43:10,528 INFO  - Initializing GeositeFramework, version 0.1.0
2014-08-14 11:51:06,530 INFO  - Initializing GeositeFramework, version 0.1.0
2014-08-14 11:54:43,924 INFO  - Initializing GeositeFramework, version 0.1.0
2014-08-14 11:55:25,132 INFO  - Initializing GeositeFramework, version 0.1.0
2014-08-14 11:57:31,418 INFO  - Initializing GeositeFramework, version 0.1.0
2014-08-14 12:00:10,443 INFO  - Initializing GeositeFramework, version 0.1.0
2014-08-18 06:43:06,642 INFO  - Initializing GeositeFramework, version 0.1.0
2014-08-18 11:00:26,541 INFO  - Initializing GeositeFramework, version 0.1.0
2014-08-18 11:01:36,819 INFO  - Initializing GeositeFramework, version 0.1.0
2014-08-18 11:01:43,109 ERROR - ClientLog: Error in plugin 'plugins/layer_selector': Error in config file layers.json: JSON.parse: expected ',' or '}' after property value in object at line 21 column 4 of the JSON data
 - UserAgent: Mozilla/5.0 (Windows NT 6.1; WOW64; rv:31.0) Gecko/20100101 Firefox/31.0
2014-08-18 11:23:59,754 INFO  - Initializing GeositeFramework, version 0.1.0
2014-08-18 11:24:05,795 ERROR - ClientLog: Error in plugin 'plugins/layer_selector': Error in config file layers.json: Missing required property: folderTitle (data path: /0/wmsSource)
 - UserAgent: Mozilla/5.0 (Windows NT 6.1; WOW64; rv:31.0) Gecko/20100101 Firefox/31.0
2014-08-18 13:22:46,179 INFO  - Initializing GeositeFramework, version 0.1.0
2014-08-18 13:22:52,217 ERROR - ClientLog: Error in plugin 'plugins/layer_selector': Error in config file layers.json: JSON.parse: expected ',' or '}' after property value in object at line 25 column 3 of the JSON data
 - UserAgent: Mozilla/5.0 (Windows NT 6.1; WOW64; rv:31.0) Gecko/20100101 Firefox/31.0
2014-08-18 13:27:31,915 INFO  - Initializing GeositeFramework, version 0.1.0
2014-08-18 13:27:38,080 ERROR - ClientLog: Error in plugin 'plugins/layer_selector': Error in config file layers.json: JSON.parse: expected ',' or ']' after array element at line 24 column 14 of the JSON data
 - UserAgent: Mozilla/5.0 (Windows NT 6.1; WOW64; rv:31.0) Gecko/20100101 Firefox/31.0
2014-08-18 14:51:07,784 INFO  - Initializing GeositeFramework, version 0.1.0
2014-08-18 14:51:13,981 ERROR - ClientLog: Error in plugin 'plugins/layer_selector': Error in config file layers.json: JSON.parse: expected ',' or ']' after array element at line 24 column 14 of the JSON data
 - UserAgent: Mozilla/5.0 (Windows NT 6.1; WOW64; rv:31.0) Gecko/20100101 Firefox/31.0
2014-08-18 15:30:55,241 INFO  - Initializing GeositeFramework, version 0.1.0
2014-08-18 15:31:17,143 ERROR - ClientLog: Error in plugin 'plugins/layer_selector': Error in config file layers.json: invalid data type: string (data path: /1/wmsSource/layerIds/0)
 - UserAgent: Mozilla/5.0 (Windows NT 6.1; WOW64; rv:31.0) Gecko/20100101 Firefox/31.0
2014-08-18 15:37:48,917 INFO  - Initializing GeositeFramework, version 0.1.0
2014-08-18 15:37:56,178 ERROR - ClientLog: Error in plugin 'plugins/layer_selector': Error in config file layers.json: invalid data type: string (data path: /1/wmsSource/layerIds/0)
 - UserAgent: Mozilla/5.0 (Windows NT 6.1; WOW64; rv:31.0) Gecko/20100101 Firefox/31.0
2014-08-18 15:39:06,213 INFO  - Initializing GeositeFramework, version 0.1.0
2014-08-18 15:39:12,763 ERROR - ClientLog: Error in plugin 'plugins/layer_selector': Error in config file layers.json: invalid data type: string (data path: /1/wmsSource/layerIds/0)
 - UserAgent: Mozilla/5.0 (Windows NT 6.1; WOW64; rv:31.0) Gecko/20100101 Firefox/31.0
2014-08-19 09:45:48,651 INFO  - Initializing GeositeFramework, version 0.1.0
2014-08-19 09:46:00,158 ERROR - ClientLog: Error in plugin 'plugins/layer_selector': AJAX request to load layer source failed: 'GetCapabilities request for http://107.20.228.18/ArcGIS/services/Wetlands/MapServer/WMSServer failed.' Status: 'RequestError: Unable to load proxy.ashx?http://107.20.228.18/ArcGIS/services/Wetlands/MapServer/WMSServer?SERVICE=WMS&REQUEST=GetCapabilities status: 403' Error: 'undefined'
 - UserAgent: Mozilla/5.0 (Windows NT 6.1; WOW64; rv:31.0) Gecko/20100101 Firefox/31.0
2014-08-19 09:48:33,936 INFO  - Initializing GeositeFramework, version 0.1.0
2014-08-19 09:48:40,754 ERROR - ClientLog: Error in plugin 'plugins/layer_selector': AJAX request to load layer source failed: 'GetCapabilities request for http://107.20.228.18/ArcGIS/services/Wetlands/MapServer/WMSServer failed.' Status: 'RequestError: Unable to load proxy.ashx?http://107.20.228.18/ArcGIS/services/Wetlands/MapServer/WMSServer?SERVICE=WMS&REQUEST=GetCapabilities status: 403' Error: 'undefined'
 - UserAgent: Mozilla/5.0 (Windows NT 6.1; WOW64; rv:31.0) Gecko/20100101 Firefox/31.0
2014-08-19 09:49:45,261 INFO  - Initializing GeositeFramework, version 0.1.0
2014-08-19 09:49:51,635 ERROR - ClientLog: Error in plugin 'plugins/layer_selector': AJAX request to load layer source failed: 'GetCapabilities request for http://107.20.228.18/ArcGIS/services/Wetlands/MapServer/WMSServer failed.' Status: 'RequestError: Unable to load proxy.ashx?http://107.20.228.18/ArcGIS/services/Wetlands/MapServer/WMSServer?SERVICE=WMS&REQUEST=GetCapabilities status: 403' Error: 'undefined'
 - UserAgent: Mozilla/5.0 (Windows NT 6.1; WOW64; rv:31.0) Gecko/20100101 Firefox/31.0
2014-08-19 09:50:34,804 INFO  - Initializing GeositeFramework, version 0.1.0
2014-08-19 09:50:41,493 ERROR - ClientLog: Error in plugin 'plugins/layer_selector': AJAX request to load layer source failed: 'GetCapabilities request for http://107.20.228.18/ArcGIS/services/Wetlands/MapServer/WMSServer failed.' Status: 'RequestError: Unable to load proxy.ashx?http://107.20.228.18/ArcGIS/services/Wetlands/MapServer/WMSServer?SERVICE=WMS&REQUEST=GetCapabilities status: 403' Error: 'undefined'
 - UserAgent: Mozilla/5.0 (Windows NT 6.1; WOW64; rv:31.0) Gecko/20100101 Firefox/31.0
2014-08-19 10:43:54,549 INFO  - Initializing GeositeFramework, version 0.1.0
2014-08-19 10:44:00,881 ERROR - ClientLog: Error in plugin 'plugins/layer_selector': AJAX request to load layer source failed: 'GetCapabilities request for http://107.20.228.18/ArcGIS/services/Wetlands/MapServer/WMSServer failed.' Status: 'RequestError: Unable to load proxy.ashx?http://107.20.228.18/ArcGIS/services/Wetlands/MapServer/WMSServer?SERVICE=WMS&REQUEST=GetCapabilities status: 403' Error: 'undefined'
 - UserAgent: Mozilla/5.0 (Windows NT 6.1; WOW64; rv:31.0) Gecko/20100101 Firefox/31.0
2014-08-19 12:41:59,593 ERROR - ClientLog: Error in plugin 'plugins/layer_selector': AJAX request to load layer source failed: 'GetCapabilities request for http://107.20.228.18/ArcGIS/services/Wetlands/MapServer/WMSServer failed.' Status: 'RequestError: Unable to load proxy.ashx?http://107.20.228.18/ArcGIS/services/Wetlands/MapServer/WMSServer?SERVICE=WMS&REQUEST=GetCapabilities status: 403' Error: 'undefined'
 - UserAgent: Mozilla/5.0 (Windows NT 6.1; WOW64; rv:31.0) Gecko/20100101 Firefox/31.0
2014-08-19 12:42:08,583 ERROR - ClientLog: Error in plugin 'plugins/layer_selector': AJAX request to load layer source failed: 'GetCapabilities request for http://107.20.228.18/ArcGIS/services/Wetlands/MapServer/WMSServer failed.' Status: 'RequestError: Unable to load proxy.ashx?http://107.20.228.18/ArcGIS/services/Wetlands/MapServer/WMSServer?SERVICE=WMS&REQUEST=GetCapabilities status: 403' Error: 'undefined'
 - UserAgent: Mozilla/5.0 (Windows NT 6.1; WOW64; rv:31.0) Gecko/20100101 Firefox/31.0
2014-08-19 12:42:17,517 INFO  - Initializing GeositeFramework, version 0.1.0
2014-08-19 12:42:24,274 ERROR - ClientLog: Error in plugin 'plugins/layer_selector': AJAX request to load layer source failed: 'GetCapabilities request for http://107.20.228.18/ArcGIS/services/Wetlands/MapServer/WMSServer failed.' Status: 'RequestError: Unable to load proxy.ashx?http://107.20.228.18/ArcGIS/services/Wetlands/MapServer/WMSServer?SERVICE=WMS&REQUEST=GetCapabilities status: 403' Error: 'undefined'
 - UserAgent: Mozilla/5.0 (Windows NT 6.1; WOW64; rv:31.0) Gecko/20100101 Firefox/31.0
2014-08-19 13:03:23,394 INFO  - Initializing GeositeFramework, version 0.1.0
2014-08-19 13:03:29,822 ERROR - ClientLog: Error in plugin 'plugins/layer_selector': AJAX request to load layer source failed: 'GetCapabilities request for http://107.20.228.18/ArcGIS/services/Wetlands/MapServer/WMSServer failed.' Status: 'RequestError: Unable to load proxy.ashx?http://107.20.228.18/ArcGIS/services/Wetlands/MapServer/WMSServer?SERVICE=WMS&REQUEST=GetCapabilities status: 403' Error: 'undefined'
 - UserAgent: Mozilla/5.0 (Windows NT 6.1; WOW64; rv:31.0) Gecko/20100101 Firefox/31.0
2014-08-19 13:03:47,691 INFO  - Initializing GeositeFramework, version 0.1.0
2014-08-19 13:03:54,076 ERROR - ClientLog: Error in plugin 'plugins/layer_selector': AJAX request to load layer source failed: 'GetCapabilities request for http://107.20.228.18/ArcGIS/services/Wetlands/MapServer/WMSServer failed.' Status: 'RequestError: Unable to load proxy.ashx?http://107.20.228.18/ArcGIS/services/Wetlands/MapServer/WMSServer?SERVICE=WMS&REQUEST=GetCapabilities status: 403' Error: 'undefined'
 - UserAgent: Mozilla/5.0 (Windows NT 6.1; WOW64; rv:31.0) Gecko/20100101 Firefox/31.0
2014-08-19 13:08:35,411 INFO  - Initializing GeositeFramework, version 0.1.0
2014-08-19 13:08:41,774 ERROR - ClientLog: Error in plugin 'plugins/layer_selector': Error in config file layers.json: JSON.parse: expected ',' or ']' after array element at line 28 column 11 of the JSON data
 - UserAgent: Mozilla/5.0 (Windows NT 6.1; WOW64; rv:31.0) Gecko/20100101 Firefox/31.0
2014-08-19 13:10:18,029 INFO  - Initializing GeositeFramework, version 0.1.0
2014-08-19 13:10:23,833 ERROR - ClientLog: Error in plugin 'plugins/layer_selector': Error in config file layers.json: JSON.parse: expected ',' or ']' after array element at line 28 column 11 of the JSON data
 - UserAgent: Mozilla/5.0 (Windows NT 6.1; WOW64; rv:31.0) Gecko/20100101 Firefox/31.0
2014-08-19 13:11:41,543 INFO  - Initializing GeositeFramework, version 0.1.0
2014-08-19 13:11:47,489 ERROR - ClientLog: Error in plugin 'plugins/layer_selector': Error in config file layers.json: invalid data type: string (data path: /1/wmsSource/layerIds/0)
 - UserAgent: Mozilla/5.0 (Windows NT 6.1; WOW64; rv:31.0) Gecko/20100101 Firefox/31.0
2014-08-19 13:12:56,039 INFO  - Initializing GeositeFramework, version 0.1.0
2014-08-19 13:13:02,029 ERROR - ClientLog: Error in plugin 'plugins/layer_selector': Error in config file layers.json: JSON.parse: expected ':' after property name in object at line 28 column 17 of the JSON data
 - UserAgent: Mozilla/5.0 (Windows NT 6.1; WOW64; rv:31.0) Gecko/20100101 Firefox/31.0
2014-08-19 13:15:57,450 INFO  - Initializing GeositeFramework, version 0.1.0
2014-08-19 13:16:03,974 ERROR - ClientLog: Error in plugin 'plugins/layer_selector': AJAX request to load layer source failed: 'GetCapabilities request for http://107.20.228.18/ArcGIS/services/Wetlands/MapServer/WMSServer failed.' Status: 'RequestError: Unable to load proxy.ashx?http://107.20.228.18/ArcGIS/services/Wetlands/MapServer/WMSServer?SERVICE=WMS&REQUEST=GetCapabilities status: 403' Error: 'undefined'
 - UserAgent: Mozilla/5.0 (Windows NT 6.1; WOW64; rv:31.0) Gecko/20100101 Firefox/31.0
2014-08-19 13:16:28,780 INFO  - Initializing GeositeFramework, version 0.1.0
2014-08-19 13:16:35,684 ERROR - ClientLog: Error in plugin 'plugins/layer_selector': AJAX request to load layer source failed: 'GetCapabilities request for http://107.20.228.18/ArcGIS/services/Wetlands/MapServer/WMSServer failed.' Status: 'RequestError: Unable to load proxy.ashx?http://107.20.228.18/ArcGIS/services/Wetlands/MapServer/WMSServer?SERVICE=WMS&REQUEST=GetCapabilities status: 403' Error: 'undefined'
 - UserAgent: Mozilla/5.0 (Windows NT 6.1; WOW64; rv:31.0) Gecko/20100101 Firefox/31.0
2014-08-19 13:31:33,903 INFO  - Initializing GeositeFramework, version 0.1.0
2014-08-19 13:31:40,204 ERROR - ClientLog: Error in plugin 'plugins/layer_selector': Error in config file layers.json: invalid data type: number (data path: /1/wmsSource/layerIds/0/extent/sr)
 - UserAgent: Mozilla/5.0 (Windows NT 6.1; WOW64; rv:31.0) Gecko/20100101 Firefox/31.0
2014-08-19 13:32:06,298 INFO  - Initializing GeositeFramework, version 0.1.0
2014-08-19 13:32:14,413 ERROR - ClientLog: Error in plugin 'plugins/layer_selector': Error in config file layers.json: invalid data type: number (data path: /1/wmsSource/layerIds/0/extent/sr)
 - UserAgent: Mozilla/5.0 (Windows NT 6.1; WOW64; rv:31.0) Gecko/20100101 Firefox/31.0
2014-08-19 13:33:14,137 INFO  - Initializing GeositeFramework, version 0.1.0
2014-08-19 13:33:20,126 ERROR - ClientLog: Error in plugin 'plugins/layer_selector': Error in config file layers.json: invalid data type: number (data path: /1/wmsSource/layerIds/0/extent/sr)
 - UserAgent: Mozilla/5.0 (Windows NT 6.1; WOW64; rv:31.0) Gecko/20100101 Firefox/31.0
2014-08-19 16:09:13,275 INFO  - Initializing GeositeFramework, version 0.1.0
2014-08-19 16:11:58,138 INFO  - Initializing GeositeFramework, version 0.1.0
2014-08-19 16:15:29,230 INFO  - Initializing GeositeFramework, version 0.1.0
2014-08-19 16:18:45,304 INFO  - Initializing GeositeFramework, version 0.1.0
2014-08-20 14:04:05,066 INFO  - Initializing GeositeFramework, version 0.1.0
2014-08-20 14:33:09,483 INFO  - Initializing GeositeFramework, version 0.1.0
2014-08-20 14:34:03,005 INFO  - Initializing GeositeFramework, version 0.1.0
2014-08-20 14:38:08,363 INFO  - Initializing GeositeFramework, version 0.1.0
2014-08-21 07:12:49,358 INFO  - Initializing GeositeFramework, version 0.1.0
2014-08-27 09:48:00,820 INFO  - Initializing GeositeFramework, version 0.1.0
2014-08-28 09:58:23,485 INFO  - Initializing GeositeFramework, version 0.1.0
2014-08-28 09:58:32,196 ERROR - ClientLog: Error in plugin 'plugins/layer_selector': Error in config file layers.json: JSON.parse: expected ':' after property name in object at line 19 column 18 of the JSON data
 - UserAgent: Mozilla/5.0 (Windows NT 6.1; WOW64; rv:31.0) Gecko/20100101 Firefox/31.0
2014-08-28 10:00:13,251 INFO  - Initializing GeositeFramework, version 0.1.0
2014-08-28 10:00:19,701 ERROR - ClientLog: Error in plugin 'plugins/layer_selector': Error in config file layers.json: JSON.parse: expected ':' after property name in object at line 19 column 18 of the JSON data
 - UserAgent: Mozilla/5.0 (Windows NT 6.1; WOW64; rv:31.0) Gecko/20100101 Firefox/31.0
2014-08-28 10:06:36,505 INFO  - Initializing GeositeFramework, version 0.1.0
2014-08-28 10:06:43,969 ERROR - ClientLog: Error in plugin 'plugins/layer_selector': Error in config file layers.json: JSON.parse: expected ',' or '}' after property value in object at line 19 column 7 of the JSON data
 - UserAgent: Mozilla/5.0 (Windows NT 6.1; WOW64; rv:31.0) Gecko/20100101 Firefox/31.0
2014-08-28 10:17:57,735 INFO  - Initializing GeositeFramework, version 0.1.0
2014-08-28 11:02:38,949 INFO  - Initializing GeositeFramework, version 0.1.0
2014-08-28 11:05:02,028 INFO  - Initializing GeositeFramework, version 0.1.0
2014-09-08 10:29:30,971 INFO  - Initializing GeositeFramework, version 0.1.0
2014-09-09 14:04:06,590 INFO  - Initializing GeositeFramework, version 0.1.0
2014-09-10 09:13:36,357 INFO  - Initializing GeositeFramework, version 0.1.0
2014-09-11 08:58:33,691 INFO  - Initializing GeositeFramework, version 0.1.0
2014-09-11 09:10:01,749 INFO  - Initializing GeositeFramework, version 0.1.0
2014-09-11 11:17:56,415 INFO  - Initializing GeositeFramework, version 0.1.0
2014-09-15 13:37:18,880 INFO  - Initializing GeositeFramework, version 0.1.0
2014-09-16 10:14:25,811 INFO  - Initializing GeositeFramework, version 0.1.0
2014-10-06 11:16:15,568 INFO  - Initializing GeositeFramework, version 0.1.0
2014-10-07 12:48:37,747 INFO  - Initializing GeositeFramework, version 0.1.0
2014-10-08 13:53:07,408 INFO  - Initializing GeositeFramework, version 0.1.0
2014-10-10 11:05:39,536 INFO  - Initializing GeositeFramework, version 0.1.0
2014-10-10 11:33:05,397 INFO  - Initializing GeositeFramework, version 0.1.0
2014-10-14 09:39:12,639 INFO  - Initializing GeositeFramework, version 0.1.0
2014-10-15 07:00:24,632 INFO  - Initializing GeositeFramework, version 0.1.0
2014-10-16 07:03:15,409 INFO  - Initializing GeositeFramework, version 0.1.0
2014-10-17 07:04:51,180 INFO  - Initializing GeositeFramework, version 0.1.0
2014-10-18 07:01:22,765 INFO  - Initializing GeositeFramework, version 0.1.0
2014-10-19 07:03:23,752 INFO  - Initializing GeositeFramework, version 0.1.0
2014-10-20 07:04:56,365 INFO  - Initializing GeositeFramework, version 0.1.0
2014-10-20 12:09:36,881 INFO  - Initializing GeositeFramework, version 0.1.0
2014-10-20 12:13:02,086 INFO  - Initializing GeositeFramework, version 0.1.0
2014-10-20 12:30:43,430 INFO  - Initializing GeositeFramework, version 0.1.0
2014-10-20 12:40:46,221 INFO  - Initializing GeositeFramework, version 0.1.0
2014-10-21 07:01:42,696 INFO  - Initializing GeositeFramework, version 0.1.0
2014-10-22 07:03:18,255 INFO  - Initializing GeositeFramework, version 0.1.0
2014-10-23 07:05:05,977 INFO  - Initializing GeositeFramework, version 0.1.0
2014-10-24 07:01:41,146 INFO  - Initializing GeositeFramework, version 0.1.0
2014-10-25 07:03:15,772 INFO  - Initializing GeositeFramework, version 0.1.0
2014-10-26 07:04:43,851 INFO  - Initializing GeositeFramework, version 0.1.0
2014-10-27 07:01:15,429 INFO  - Initializing GeositeFramework, version 0.1.0
2014-10-28 07:02:48,291 INFO  - Initializing GeositeFramework, version 0.1.0
2014-10-29 07:04:25,807 INFO  - Initializing GeositeFramework, version 0.1.0
2014-10-30 07:01:00,566 INFO  - Initializing GeositeFramework, version 0.1.0
2014-10-31 07:02:29,744 INFO  - Initializing GeositeFramework, version 0.1.0
2014-11-01 07:04:03,918 INFO  - Initializing GeositeFramework, version 0.1.0
2014-11-02 07:00:31,871 INFO  - Initializing GeositeFramework, version 0.1.0
2014-11-03 07:02:01,396 INFO  - Initializing GeositeFramework, version 0.1.0
2014-11-04 07:00:21,172 INFO  - Initializing GeositeFramework, version 0.1.0
2014-11-05 07:01:50,513 INFO  - Initializing GeositeFramework, version 0.1.0
2014-11-06 07:00:09,074 INFO  - Initializing GeositeFramework, version 0.1.0
2014-11-07 07:04:29,270 INFO  - Initializing GeositeFramework, version 0.1.0
2014-11-08 07:00:58,615 INFO  - Initializing GeositeFramework, version 0.1.0
2014-11-09 07:02:29,670 INFO  - Initializing GeositeFramework, version 0.1.0
2014-11-10 07:04:00,151 INFO  - Initializing GeositeFramework, version 0.1.0
2014-11-11 07:00:33,529 INFO  - Initializing GeositeFramework, version 0.1.0
2014-11-12 07:02:51,834 INFO  - Initializing GeositeFramework, version 0.1.0
2014-11-13 07:03:59,180 INFO  - Initializing GeositeFramework, version 0.1.0
2014-11-14 07:00:30,279 INFO  - Initializing GeositeFramework, version 0.1.0
2014-11-15 07:02:03,450 INFO  - Initializing GeositeFramework, version 0.1.0
2014-11-16 07:03:31,593 INFO  - Initializing GeositeFramework, version 0.1.0
2014-11-17 07:05:04,906 INFO  - Initializing GeositeFramework, version 0.1.0
2014-11-18 07:01:39,174 INFO  - Initializing GeositeFramework, version 0.1.0
2014-11-19 07:00:22,653 INFO  - Initializing GeositeFramework, version 0.1.0
2014-11-20 07:04:58,815 INFO  - Initializing GeositeFramework, version 0.1.0
2014-11-21 07:01:36,998 INFO  - Initializing GeositeFramework, version 0.1.0
2014-11-22 07:03:13,399 INFO  - Initializing GeositeFramework, version 0.1.0
2014-11-23 07:04:42,698 INFO  - Initializing GeositeFramework, version 0.1.0
2014-11-24 07:01:22,524 INFO  - Initializing GeositeFramework, version 0.1.0
2014-11-24 13:07:15,341 INFO  - Initializing GeositeFramework, version 0.1.0
2014-11-25 07:03:06,198 INFO  - Initializing GeositeFramework, version 0.1.0
2014-11-26 07:04:44,462 INFO  - Initializing GeositeFramework, version 0.1.0
2014-11-27 07:01:18,421 INFO  - Initializing GeositeFramework, version 0.1.0
2014-11-28 07:02:48,029 INFO  - Initializing GeositeFramework, version 0.1.0
2014-11-29 07:04:20,727 INFO  - Initializing GeositeFramework, version 0.1.0
2014-11-30 07:00:53,073 INFO  - Initializing GeositeFramework, version 0.1.0
2014-12-01 07:02:30,581 INFO  - Initializing GeositeFramework, version 0.1.0
2014-12-02 07:04:07,551 INFO  - Initializing GeositeFramework, version 0.1.0
2014-12-03 07:01:03,384 INFO  - Initializing GeositeFramework, version 0.1.0
2014-12-04 07:00:50,948 INFO  - Initializing GeositeFramework, version 0.1.0
2014-12-05 07:02:19,953 INFO  - Initializing GeositeFramework, version 0.1.0
2014-12-06 07:03:54,888 INFO  - Initializing GeositeFramework, version 0.1.0
2014-12-07 07:00:28,075 INFO  - Initializing GeositeFramework, version 0.1.0
2014-12-08 07:01:59,029 INFO  - Initializing GeositeFramework, version 0.1.0
2014-12-08 13:17:31,686 INFO  - Initializing GeositeFramework, version 0.1.0
2014-12-08 13:29:04,389 INFO  - Initializing GeositeFramework, version 0.1.0
2014-12-08 13:29:55,081 INFO  - Initializing GeositeFramework, version 0.1.0
2014-12-08 13:30:56,852 INFO  - Initializing GeositeFramework, version 0.1.0
2014-12-08 13:32:44,263 INFO  - Initializing GeositeFramework, version 0.1.0
2014-12-08 13:33:45,194 INFO  - Initializing GeositeFramework, version 0.1.0
2014-12-08 13:48:57,348 INFO  - Initializing GeositeFramework, version 0.1.0
2014-12-08 13:51:15,542 INFO  - Initializing GeositeFramework, version 0.1.0
2014-12-09 07:03:32,970 INFO  - Initializing GeositeFramework, version 0.1.0
2014-12-10 07:01:26,041 INFO  - Initializing GeositeFramework, version 0.1.0
2014-12-10 13:15:24,757 INFO  - Initializing GeositeFramework, version 0.1.0
2014-12-10 13:19:09,441 INFO  - Initializing GeositeFramework, version 0.1.0
2014-12-10 13:24:56,086 INFO  - Initializing GeositeFramework, version 0.1.0
2014-12-10 13:32:16,940 INFO  - Initializing GeositeFramework, version 0.1.0
2014-12-10 15:27:11,190 INFO  - Initializing GeositeFramework, version 0.1.0
2014-12-10 15:38:56,752 INFO  - Initializing GeositeFramework, version 0.1.0
2014-12-11 07:01:18,804 INFO  - Initializing GeositeFramework, version 0.1.0
2014-12-12 07:02:57,879 INFO  - Initializing GeositeFramework, version 0.1.0
2014-12-13 07:04:33,405 INFO  - Initializing GeositeFramework, version 0.1.0
2014-12-14 07:01:02,542 INFO  - Initializing GeositeFramework, version 0.1.0
2014-12-15 07:03:20,129 INFO  - Initializing GeositeFramework, version 0.1.0
2014-12-15 11:51:29,915 INFO  - Initializing GeositeFramework, version 0.1.0
2014-12-16 07:04:52,398 INFO  - Initializing GeositeFramework, version 0.1.0
2014-12-17 07:01:31,944 INFO  - Initializing GeositeFramework, version 0.1.0
2014-12-18 07:03:48,591 INFO  - Initializing GeositeFramework, version 0.1.0
2014-12-19 07:00:19,839 INFO  - Initializing GeositeFramework, version 0.1.0
2014-12-19 09:55:52,329 INFO  - Initializing GeositeFramework, version 0.1.0
2014-12-19 10:15:56,118 INFO  - Initializing GeositeFramework, version 0.1.0
2014-12-20 07:01:57,628 INFO  - Initializing GeositeFramework, version 0.1.0
2014-12-21 07:03:28,062 INFO  - Initializing GeositeFramework, version 0.1.0
2014-12-22 07:04:58,211 INFO  - Initializing GeositeFramework, version 0.1.0
2014-12-23 07:01:29,294 INFO  - Initializing GeositeFramework, version 0.1.0
2014-12-24 07:03:03,611 INFO  - Initializing GeositeFramework, version 0.1.0
2014-12-25 07:04:34,025 INFO  - Initializing GeositeFramework, version 0.1.0
2014-12-26 07:01:04,127 INFO  - Initializing GeositeFramework, version 0.1.0
2014-12-27 07:03:37,119 INFO  - Initializing GeositeFramework, version 0.1.0
2014-12-28 07:05:05,007 INFO  - Initializing GeositeFramework, version 0.1.0
2014-12-29 07:01:36,897 INFO  - Initializing GeositeFramework, version 0.1.0
2014-12-30 07:02:28,216 INFO  - Initializing GeositeFramework, version 0.1.0
2014-12-31 07:03:58,401 INFO  - Initializing GeositeFramework, version 0.1.0
2015-01-01 07:00:30,989 INFO  - Initializing GeositeFramework, version 0.1.0
2015-01-02 07:02:05,365 INFO  - Initializing GeositeFramework, version 0.1.0
2015-01-03 07:03:37,506 INFO  - Initializing GeositeFramework, version 0.1.0
2015-01-04 07:00:08,426 INFO  - Initializing GeositeFramework, version 0.1.0
2015-01-05 07:01:42,194 INFO  - Initializing GeositeFramework, version 0.1.0
2015-01-06 07:03:15,273 INFO  - Initializing GeositeFramework, version 0.1.0
2015-01-07 07:04:49,118 INFO  - Initializing GeositeFramework, version 0.1.0
2015-01-08 07:01:24,701 INFO  - Initializing GeositeFramework, version 0.1.0
2015-01-09 07:00:28,508 INFO  - Initializing GeositeFramework, version 0.1.0
2015-01-10 07:02:04,787 INFO  - Initializing GeositeFramework, version 0.1.0
2015-01-11 07:03:35,333 INFO  - Initializing GeositeFramework, version 0.1.0
2015-01-12 07:05:04,248 INFO  - Initializing GeositeFramework, version 0.1.0
2015-01-12 09:17:58,112 INFO  - Initializing GeositeFramework, version 0.1.0
2015-01-12 09:42:52,817 INFO  - Initializing GeositeFramework, version 0.1.0
2015-01-12 09:46:28,582 INFO  - Initializing GeositeFramework, version 0.1.0
2015-01-13 07:01:48,084 INFO  - Initializing GeositeFramework, version 0.1.0
2015-01-14 07:03:19,058 INFO  - Initializing GeositeFramework, version 0.1.0
2015-01-14 14:48:24,891 INFO  - Initializing GeositeFramework, version 0.1.0
2015-01-14 14:50:56,465 INFO  - Initializing GeositeFramework, version 0.1.0
2015-01-15 07:04:55,322 INFO  - Initializing GeositeFramework, version 0.1.0
2015-01-16 07:01:28,504 INFO  - Initializing GeositeFramework, version 0.1.0
2015-01-16 10:26:51,331 INFO  - Initializing GeositeFramework, version 0.1.0
2015-01-17 07:03:05,643 INFO  - Initializing GeositeFramework, version 0.1.0
2015-01-18 07:04:35,716 INFO  - Initializing GeositeFramework, version 0.1.0
2015-01-19 07:01:07,612 INFO  - Initializing GeositeFramework, version 0.1.0
2015-01-20 07:02:37,060 INFO  - Initializing GeositeFramework, version 0.1.0
2015-01-21 07:04:07,186 INFO  - Initializing GeositeFramework, version 0.1.0
2015-01-22 07:00:46,488 INFO  - Initializing GeositeFramework, version 0.1.0
2015-01-23 07:02:19,101 INFO  - Initializing GeositeFramework, version 0.1.0
2015-01-23 09:18:31,479 INFO  - Initializing GeositeFramework, version 0.1.0
2015-01-23 15:24:03,247 INFO  - Initializing GeositeFramework, version 0.1.0
2015-01-23 15:28:16,360 INFO  - Initializing GeositeFramework, version 0.1.0
2015-01-23 15:38:19,086 INFO  - Initializing GeositeFramework, version 0.1.0
2015-01-24 07:03:55,293 INFO  - Initializing GeositeFramework, version 0.1.0
2015-01-25 07:00:25,024 INFO  - Initializing GeositeFramework, version 0.1.0
2015-01-26 07:02:09,973 INFO  - Initializing GeositeFramework, version 0.1.0
2015-01-27 07:03:39,199 INFO  - Initializing GeositeFramework, version 0.1.0
2015-01-28 07:00:11,538 INFO  - Initializing GeositeFramework, version 0.1.0
2015-01-29 07:01:45,736 INFO  - Initializing GeositeFramework, version 0.1.0
2015-01-29 10:42:18,828 INFO  - Initializing GeositeFramework, version 0.1.0
2015-01-30 07:03:17,242 INFO  - Initializing GeositeFramework, version 0.1.0
2015-01-31 07:04:48,214 INFO  - Initializing GeositeFramework, version 0.1.0
2015-02-01 07:01:17,320 INFO  - Initializing GeositeFramework, version 0.1.0
2015-02-02 07:02:45,964 INFO  - Initializing GeositeFramework, version 0.1.0
2015-02-03 07:04:15,602 INFO  - Initializing GeositeFramework, version 0.1.0
2015-02-04 07:00:44,919 INFO  - Initializing GeositeFramework, version 0.1.0
2015-02-05 07:02:21,762 INFO  - Initializing GeositeFramework, version 0.1.0
2015-02-06 07:03:54,612 INFO  - Initializing GeositeFramework, version 0.1.0
2015-02-07 07:00:29,264 INFO  - Initializing GeositeFramework, version 0.1.0
2015-02-08 07:01:58,690 INFO  - Initializing GeositeFramework, version 0.1.0
2015-02-09 07:03:30,390 INFO  - Initializing GeositeFramework, version 0.1.0
2015-02-10 07:05:04,202 INFO  - Initializing GeositeFramework, version 0.1.0
2015-02-11 07:01:36,498 INFO  - Initializing GeositeFramework, version 0.1.0
2015-02-11 10:42:11,007 INFO  - Initializing GeositeFramework, version 0.1.0
2015-02-11 11:07:14,919 INFO  - Initializing GeositeFramework, version 0.1.0
2015-02-11 11:17:17,868 INFO  - Initializing GeositeFramework, version 0.1.0
2015-02-12 07:02:19,054 INFO  - Initializing GeositeFramework, version 0.1.0
2015-02-13 07:03:54,990 INFO  - Initializing GeositeFramework, version 0.1.0
2015-02-13 10:14:27,473 INFO  - Initializing GeositeFramework, version 0.1.0
2015-02-14 07:04:19,656 INFO  - Initializing GeositeFramework, version 0.1.0
2015-02-15 07:00:53,114 INFO  - Initializing GeositeFramework, version 0.1.0
2015-02-16 07:02:24,437 INFO  - Initializing GeositeFramework, version 0.1.0
2015-02-17 07:03:59,458 INFO  - Initializing GeositeFramework, version 0.1.0
2015-02-18 07:01:25,716 INFO  - Initializing GeositeFramework, version 0.1.0
2015-02-19 07:00:21,905 INFO  - Initializing GeositeFramework, version 0.1.0
2015-02-20 07:01:53,414 INFO  - Initializing GeositeFramework, version 0.1.0
2015-02-20 09:07:20,112 INFO  - Initializing GeositeFramework, version 0.1.0
2015-02-21 07:04:25,123 INFO  - Initializing GeositeFramework, version 0.1.0
2015-02-22 07:00:55,564 INFO  - Initializing GeositeFramework, version 0.1.0
2015-02-23 07:02:24,946 INFO  - Initializing GeositeFramework, version 0.1.0
2015-02-24 07:04:02,866 INFO  - Initializing GeositeFramework, version 0.1.0
2015-02-25 07:00:35,377 INFO  - Initializing GeositeFramework, version 0.1.0
2015-02-26 07:02:15,101 INFO  - Initializing GeositeFramework, version 0.1.0
2015-02-27 07:03:46,264 INFO  - Initializing GeositeFramework, version 0.1.0
2015-02-28 07:00:18,216 INFO  - Initializing GeositeFramework, version 0.1.0
2015-03-01 07:01:53,152 INFO  - Initializing GeositeFramework, version 0.1.0
2015-03-02 07:03:23,837 INFO  - Initializing GeositeFramework, version 0.1.0
2015-03-03 07:04:56,231 INFO  - Initializing GeositeFramework, version 0.1.0
2015-03-04 07:01:32,280 INFO  - Initializing GeositeFramework, version 0.1.0
2015-03-05 07:03:03,705 INFO  - Initializing GeositeFramework, version 0.1.0
2015-03-06 07:05:06,673 INFO  - Initializing GeositeFramework, version 0.1.0
2015-03-07 07:01:39,907 INFO  - Initializing GeositeFramework, version 0.1.0
2015-03-08 07:03:10,804 INFO  - Initializing GeositeFramework, version 0.1.0
2015-03-09 07:04:39,891 INFO  - Initializing GeositeFramework, version 0.1.0
2015-03-09 09:42:51,869 INFO  - Initializing GeositeFramework, version 0.1.0
2015-03-09 09:48:47,991 INFO  - Initializing GeositeFramework, version 0.1.0
2015-03-09 10:02:07,893 INFO  - Initializing GeositeFramework, version 0.1.0
2015-03-09 10:49:22,658 INFO  - Initializing GeositeFramework, version 0.1.0
2015-03-09 10:56:34,037 INFO  - Initializing GeositeFramework, version 0.1.0
2015-03-09 11:00:57,001 INFO  - Initializing GeositeFramework, version 0.1.0
2015-03-09 11:02:50,884 INFO  - Initializing GeositeFramework, version 0.1.0
2015-03-09 11:13:53,738 INFO  - Initializing GeositeFramework, version 0.1.0
2015-03-09 11:18:51,532 INFO  - Initializing GeositeFramework, version 0.1.0
2015-03-09 11:20:32,608 INFO  - Initializing GeositeFramework, version 0.1.0
2015-03-09 13:14:15,090 INFO  - Initializing GeositeFramework, version 0.1.0
2015-03-09 13:24:19,174 INFO  - Initializing GeositeFramework, version 0.1.0
2015-03-10 07:01:31,050 INFO  - Initializing GeositeFramework, version 0.1.0
2015-03-10 12:04:10,478 INFO  - Initializing GeositeFramework, version 0.1.0
2015-03-10 12:12:12,496 INFO  - Initializing GeositeFramework, version 0.1.0
2015-03-10 12:17:15,097 INFO  - Initializing GeositeFramework, version 0.1.0
2015-03-10 12:22:17,539 INFO  - Initializing GeositeFramework, version 0.1.0
2015-03-10 12:27:19,875 INFO  - Initializing GeositeFramework, version 0.1.0
2015-03-10 12:32:22,268 INFO  - Initializing GeositeFramework, version 0.1.0
2015-03-10 12:42:25,025 INFO  - Initializing GeositeFramework, version 0.1.0
2015-03-10 14:12:34,113 INFO  - Initializing GeositeFramework, version 0.1.0
2015-03-10 14:47:39,480 INFO  - Initializing GeositeFramework, version 0.1.0
2015-03-11 07:03:19,583 INFO  - Initializing GeositeFramework, version 0.1.0
2015-03-11 10:38:55,045 INFO  - Initializing GeositeFramework, version 0.1.0
2015-03-11 11:03:59,177 INFO  - Initializing GeositeFramework, version 0.1.0
2015-03-11 11:19:02,497 INFO  - Initializing GeositeFramework, version 0.1.0
2015-03-12 07:02:28,399 INFO  - Initializing GeositeFramework, version 0.1.0
2015-03-13 07:04:09,022 INFO  - Initializing GeositeFramework, version 0.1.0
2015-03-14 07:00:45,788 INFO  - Initializing GeositeFramework, version 0.1.0
2015-03-15 07:02:15,623 INFO  - Initializing GeositeFramework, version 0.1.0
2015-03-16 07:03:49,113 INFO  - Initializing GeositeFramework, version 0.1.0
2015-03-16 10:29:21,902 INFO  - Initializing GeositeFramework, version 0.1.0
2015-03-17 07:04:21,737 INFO  - Initializing GeositeFramework, version 0.1.0
2015-03-18 07:00:55,207 INFO  - Initializing GeositeFramework, version 0.1.0
2015-03-19 07:02:28,753 INFO  - Initializing GeositeFramework, version 0.1.0
2015-03-20 07:02:17,912 INFO  - Initializing GeositeFramework, version 0.1.0
2015-03-21 07:03:50,835 INFO  - Initializing GeositeFramework, version 0.1.0
2015-03-22 07:00:20,515 INFO  - Initializing GeositeFramework, version 0.1.0
2015-03-23 07:01:54,418 INFO  - Initializing GeositeFramework, version 0.1.0
2015-03-24 07:00:13,194 INFO  - Initializing GeositeFramework, version 0.1.0
2015-03-25 07:01:47,539 INFO  - Initializing GeositeFramework, version 0.1.0
2015-03-26 07:03:31,634 INFO  - Initializing GeositeFramework, version 0.1.0
2015-03-27 07:05:04,558 INFO  - Initializing GeositeFramework, version 0.1.0
2015-03-28 07:01:41,941 INFO  - Initializing GeositeFramework, version 0.1.0
2015-03-29 07:03:19,708 INFO  - Initializing GeositeFramework, version 0.1.0
2015-03-30 07:04:51,859 INFO  - Initializing GeositeFramework, version 0.1.0
2015-03-31 07:01:29,266 INFO  - Initializing GeositeFramework, version 0.1.0
2015-04-01 07:03:16,560 INFO  - Initializing GeositeFramework, version 0.1.0
2015-04-02 07:04:53,060 INFO  - Initializing GeositeFramework, version 0.1.0
2015-04-02 14:17:21,666 ERROR - ClientLog: Error in URL Shortener
 - UserAgent: Mozilla/5.0 (Windows NT 6.1; WOW64; rv:36.0) Gecko/20100101 Firefox/36.0
2015-04-02 14:26:21,113 ERROR - ClientLog: Error in URL Shortener
 - UserAgent: Mozilla/5.0 (Windows NT 6.1; WOW64; rv:36.0) Gecko/20100101 Firefox/36.0
2015-04-02 14:57:31,377 ERROR - ClientLog: Error in URL Shortener
 - UserAgent: Mozilla/5.0 (Windows NT 6.1; WOW64; rv:36.0) Gecko/20100101 Firefox/36.0
2015-04-03 07:03:13,192 INFO  - Initializing GeositeFramework, version 0.1.0
2015-04-04 07:00:29,838 INFO  - Initializing GeositeFramework, version 0.1.0
2015-04-05 07:02:03,074 INFO  - Initializing GeositeFramework, version 0.1.0
2015-04-06 06:38:11,589 INFO  - Initializing GeositeFramework, version 0.1.0
2015-04-06 10:23:43,634 ERROR - ClientLog: Error in plugin 'plugins/layer_selector': Error in config file layers.json: JSON.parse: unexpected character at line 30 column 20 of the JSON data
 - UserAgent: Mozilla/5.0 (Windows NT 6.1; WOW64; rv:36.0) Gecko/20100101 Firefox/36.0
2015-04-06 10:27:42,748 ERROR - ClientLog: Error in plugin 'plugins/layer_selector': Error in config file layers.json: JSON.parse: expected double-quoted property name at line 26 column 3 of the JSON data
 - UserAgent: Mozilla/5.0 (Windows NT 6.1; WOW64; rv:36.0) Gecko/20100101 Firefox/36.0
2015-04-06 10:33:29,951 ERROR - ClientLog: Error in plugin 'plugins/layer_selector': Error in config file layers.json: JSON.parse: unexpected character at line 27 column 11 of the JSON data
 - UserAgent: Mozilla/5.0 (Windows NT 6.1; WOW64; rv:36.0) Gecko/20100101 Firefox/36.0
2015-04-06 10:42:46,347 INFO  - Initializing GeositeFramework, version 0.1.0
2015-04-06 10:42:59,539 ERROR - ClientLog: Error in plugin 'plugins/layer_selector2': Error in config file layers.json: JSON.parse: unexpected non-whitespace character after JSON data at line 19 column 1 of the JSON data
 - UserAgent: Mozilla/5.0 (Windows NT 6.1; WOW64; rv:36.0) Gecko/20100101 Firefox/36.0
2015-04-07 07:00:53,146 INFO  - Initializing GeositeFramework, version 0.1.0
2015-04-08 07:02:27,036 INFO  - Initializing GeositeFramework, version 0.1.0
2015-04-09 07:04:01,936 INFO  - Initializing GeositeFramework, version 0.1.0
2015-04-10 07:00:35,247 INFO  - Initializing GeositeFramework, version 0.1.0
2015-04-11 07:02:07,452 INFO  - Initializing GeositeFramework, version 0.1.0
2015-04-12 07:03:40,127 INFO  - Initializing GeositeFramework, version 0.1.0
2015-04-13 07:00:10,349 INFO  - Initializing GeositeFramework, version 0.1.0
2015-04-14 07:01:42,207 INFO  - Initializing GeositeFramework, version 0.1.0
2015-04-15 07:03:16,489 INFO  - Initializing GeositeFramework, version 0.1.0
2015-04-16 07:03:28,460 INFO  - Initializing GeositeFramework, version 0.1.0
2015-04-16 10:08:10,744 ERROR - ClientLog: Unable to load module http://54.241.26.242/tnc_la_freshwater_dev/plugins/layer_selector2/main.js
 - While attempting to load Dojo module
 - UserAgent: Mozilla/5.0 (Windows NT 6.1; WOW64; rv:37.0) Gecko/20100101 Firefox/37.0
2015-04-16 10:12:00,691 INFO  - Initializing GeositeFramework, version 0.1.0
2015-04-17 07:03:24,878 INFO  - Initializing GeositeFramework, version 0.1.0
2015-04-18 07:04:55,665 INFO  - Initializing GeositeFramework, version 0.1.0
2015-04-19 07:01:26,021 INFO  - Initializing GeositeFramework, version 0.1.0
2015-04-20 07:02:57,669 INFO  - Initializing GeositeFramework, version 0.1.0
2015-04-21 07:04:38,109 INFO  - Initializing GeositeFramework, version 0.1.0
2015-04-22 07:01:18,772 INFO  - Initializing GeositeFramework, version 0.1.0
2015-04-22 08:59:00,796 ERROR - ClientLog: Unable to load module http://serverapi.arcgisonline.com/jsapi/arcgis/3.5compact/js/esri/tasks/TrimExtendParameters.js
 - While attempting to load Dojo module
 - UserAgent: Mozilla/5.0 (Windows NT 6.1; WOW64) AppleWebKit/537.36 (KHTML, like Gecko) Chrome/42.0.2311.90 Safari/537.36
2015-04-23 07:02:48,114 INFO  - Initializing GeositeFramework, version 0.1.0
2015-04-24 07:04:39,189 INFO  - Initializing GeositeFramework, version 0.1.0
2015-04-25 07:03:09,188 INFO  - Initializing GeositeFramework, version 0.1.0
2015-04-26 07:04:44,101 INFO  - Initializing GeositeFramework, version 0.1.0
2015-04-27 07:02:21,770 INFO  - Initializing GeositeFramework, version 0.1.0
2015-04-28 07:04:43,791 INFO  - Initializing GeositeFramework, version 0.1.0
2015-04-29 07:01:14,984 INFO  - Initializing GeositeFramework, version 0.1.0
2015-04-30 07:03:05,077 INFO  - Initializing GeositeFramework, version 0.1.0
2015-05-01 07:01:06,243 INFO  - Initializing GeositeFramework, version 0.1.0
2015-05-02 07:02:45,256 INFO  - Initializing GeositeFramework, version 0.1.0
2015-05-03 07:04:20,955 INFO  - Initializing GeositeFramework, version 0.1.0
2015-05-04 07:00:54,777 INFO  - Initializing GeositeFramework, version 0.1.0
2015-05-05 07:03:11,139 INFO  - Initializing GeositeFramework, version 0.1.0
2015-05-06 07:04:48,094 INFO  - Initializing GeositeFramework, version 0.1.0
2015-05-07 07:01:26,000 INFO  - Initializing GeositeFramework, version 0.1.0
2015-05-08 07:03:05,950 INFO  - Initializing GeositeFramework, version 0.1.0
2015-05-09 07:04:41,120 INFO  - Initializing GeositeFramework, version 0.1.0
2015-05-10 07:01:16,057 INFO  - Initializing GeositeFramework, version 0.1.0
2015-05-11 07:02:52,049 INFO  - Initializing GeositeFramework, version 0.1.0
2015-05-12 07:04:27,770 INFO  - Initializing GeositeFramework, version 0.1.0
2015-05-13 07:01:45,777 INFO  - Initializing GeositeFramework, version 0.1.0
2015-05-14 07:02:49,881 INFO  - Initializing GeositeFramework, version 0.1.0
2015-05-15 07:04:34,936 INFO  - Initializing GeositeFramework, version 0.1.0
2015-05-16 10:37:13,305 INFO  - Initializing GeositeFramework, version 0.1.0
2015-05-17 07:03:27,045 INFO  - Initializing GeositeFramework, version 0.1.0
2015-05-18 07:00:07,831 INFO  - Initializing GeositeFramework, version 0.1.0
2015-05-19 07:01:40,457 INFO  - Initializing GeositeFramework, version 0.1.0
2015-05-20 07:03:17,500 INFO  - Initializing GeositeFramework, version 0.1.0
2015-05-21 07:04:51,949 INFO  - Initializing GeositeFramework, version 0.1.0
2015-05-22 07:03:34,802 INFO  - Initializing GeositeFramework, version 0.1.0
2015-05-23 07:00:13,000 INFO  - Initializing GeositeFramework, version 0.1.0
2015-05-24 07:01:48,539 INFO  - Initializing GeositeFramework, version 0.1.0
2015-05-25 07:03:22,192 INFO  - Initializing GeositeFramework, version 0.1.0
2015-05-26 07:04:53,032 INFO  - Initializing GeositeFramework, version 0.1.0
2015-05-27 07:01:25,245 INFO  - Initializing GeositeFramework, version 0.1.0
2015-05-28 07:03:05,015 INFO  - Initializing GeositeFramework, version 0.1.0
2015-05-29 07:04:41,904 INFO  - Initializing GeositeFramework, version 0.1.0
2015-05-30 07:01:16,874 INFO  - Initializing GeositeFramework, version 0.1.0
2015-05-31 07:04:55,753 INFO  - Initializing GeositeFramework, version 0.1.0
2015-06-01 07:01:37,162 INFO  - Initializing GeositeFramework, version 0.1.0
2015-06-02 07:03:10,995 INFO  - Initializing GeositeFramework, version 0.1.0
2015-06-03 07:04:56,040 INFO  - Initializing GeositeFramework, version 0.1.0
2015-06-04 07:01:51,797 INFO  - Initializing GeositeFramework, version 0.1.0
2015-06-05 07:03:32,197 INFO  - Initializing GeositeFramework, version 0.1.0
2015-06-06 07:05:04,448 INFO  - Initializing GeositeFramework, version 0.1.0
2015-06-07 07:01:36,784 INFO  - Initializing GeositeFramework, version 0.1.0
2015-06-08 07:03:08,802 INFO  - Initializing GeositeFramework, version 0.1.0
2015-06-09 07:04:47,560 INFO  - Initializing GeositeFramework, version 0.1.0
2015-06-10 07:01:27,168 INFO  - Initializing GeositeFramework, version 0.1.0
2015-06-11 07:04:59,242 INFO  - Initializing GeositeFramework, version 0.1.0
2015-06-12 07:01:31,672 INFO  - Initializing GeositeFramework, version 0.1.0
2015-06-13 07:03:02,942 INFO  - Initializing GeositeFramework, version 0.1.0
2015-06-14 07:04:41,554 INFO  - Initializing GeositeFramework, version 0.1.0
2015-06-15 07:07:35,663 INFO  - Initializing GeositeFramework, version 0.1.0
2015-06-16 07:04:00,171 INFO  - Initializing GeositeFramework, version 0.1.0
2015-06-17 07:03:52,492 INFO  - Initializing GeositeFramework, version 0.1.0
2015-06-18 07:00:43,351 INFO  - Initializing GeositeFramework, version 0.1.0
2015-06-18 18:40:10,597 INFO  - Initializing GeositeFramework, version 0.1.0
2015-06-19 07:00:34,291 INFO  - Initializing GeositeFramework, version 0.1.0
2015-06-20 07:02:05,736 INFO  - Initializing GeositeFramework, version 0.1.0
2015-06-21 07:03:40,454 INFO  - Initializing GeositeFramework, version 0.1.0
2015-06-22 07:00:10,481 INFO  - Initializing GeositeFramework, version 0.1.0
2015-06-23 07:01:45,308 INFO  - Initializing GeositeFramework, version 0.1.0
2015-06-24 07:03:19,545 INFO  - Initializing GeositeFramework, version 0.1.0
2015-06-25 07:04:51,369 INFO  - Initializing GeositeFramework, version 0.1.0
2015-06-26 07:01:56,433 INFO  - Initializing GeositeFramework, version 0.1.0
2015-06-27 07:04:53,185 INFO  - Initializing GeositeFramework, version 0.1.0
2015-06-28 07:01:25,769 INFO  - Initializing GeositeFramework, version 0.1.0
2015-06-29 07:02:57,648 INFO  - Initializing GeositeFramework, version 0.1.0
2015-06-30 07:04:30,921 INFO  - Initializing GeositeFramework, version 0.1.0
2015-06-30 20:04:33,401 INFO  - Initializing GeositeFramework, version 0.1.0
2015-07-01 07:04:49,123 INFO  - Initializing GeositeFramework, version 0.1.0
2015-07-02 07:01:21,808 INFO  - Initializing GeositeFramework, version 0.1.0
2015-07-03 07:02:58,335 INFO  - Initializing GeositeFramework, version 0.1.0
2015-07-04 07:04:30,869 INFO  - Initializing GeositeFramework, version 0.1.0
2015-07-05 07:01:00,374 INFO  - Initializing GeositeFramework, version 0.1.0
2015-07-06 07:02:50,487 INFO  - Initializing GeositeFramework, version 0.1.0
2015-07-07 07:04:43,079 INFO  - Initializing GeositeFramework, version 0.1.0
2015-07-08 07:01:27,179 INFO  - Initializing GeositeFramework, version 0.1.0
2015-07-09 07:02:51,841 INFO  - Initializing GeositeFramework, version 0.1.0
2015-07-10 07:04:41,663 INFO  - Initializing GeositeFramework, version 0.1.0
2015-07-11 07:01:20,494 INFO  - Initializing GeositeFramework, version 0.1.0
2015-07-12 07:03:00,751 INFO  - Initializing GeositeFramework, version 0.1.0
2015-07-13 07:04:36,434 INFO  - Initializing GeositeFramework, version 0.1.0
2015-07-14 07:01:14,669 INFO  - Initializing GeositeFramework, version 0.1.0
2015-07-15 07:05:00,155 INFO  - Initializing GeositeFramework, version 0.1.0
2015-07-16 07:01:32,539 INFO  - Initializing GeositeFramework, version 0.1.0
2015-07-17 07:03:11,993 INFO  - Initializing GeositeFramework, version 0.1.0
2015-07-18 07:05:03,051 INFO  - Initializing GeositeFramework, version 0.1.0
2015-07-19 07:01:42,910 INFO  - Initializing GeositeFramework, version 0.1.0
2015-07-20 07:03:17,247 INFO  - Initializing GeositeFramework, version 0.1.0
2015-07-21 07:03:50,474 INFO  - Initializing GeositeFramework, version 0.1.0
2015-07-22 07:00:31,733 INFO  - Initializing GeositeFramework, version 0.1.0
2015-07-29 15:33:48,081 INFO  - Initializing GeositeFramework, version 0.1.0
2015-08-05 08:29:55,403 INFO  - Initializing GeositeFramework, version 0.1.0
2015-08-06 15:21:21,497 INFO  - Initializing GeositeFramework, version 0.1.0
2015-08-10 11:57:47,341 INFO  - Initializing GeositeFramework, version 0.1.0
2015-08-10 15:59:21,861 INFO  - Initializing GeositeFramework, version 0.1.0
2015-08-11 14:33:09,394 INFO  - Initializing GeositeFramework, version 0.1.0
2015-08-11 14:41:13,169 INFO  - Initializing GeositeFramework, version 0.1.0
2015-08-11 14:41:22,082 ERROR - ClientLog: Unable to load module ./jquery-ui.min.js
 - While attempting to load Dojo module
 - UserAgent: Mozilla/5.0 (Windows NT 6.1; WOW64) AppleWebKit/537.36 (KHTML, like Gecko) Chrome/44.0.2403.155 Safari/537.36
2015-08-11 14:41:22,082 ERROR - ClientLog: Unable to load module http://54.241.26.242/tnc_la_freshwater_dev/plugins/flow_app/Chart.min.js
 - While attempting to load Dojo module
 - UserAgent: Mozilla/5.0 (Windows NT 6.1; WOW64) AppleWebKit/537.36 (KHTML, like Gecko) Chrome/44.0.2403.155 Safari/537.36
2015-08-11 14:41:40,056 ERROR - ClientLog: Unable to load module ./jquery-ui.min.js
 - While attempting to load Dojo module
 - UserAgent: Mozilla/5.0 (Windows NT 6.1; WOW64) AppleWebKit/537.36 (KHTML, like Gecko) Chrome/44.0.2403.155 Safari/537.36
2015-08-11 14:41:40,466 ERROR - ClientLog: Unable to load module http://54.241.26.242/tnc_la_freshwater_dev/plugins/flow_app/Chart.min.js
 - While attempting to load Dojo module
 - UserAgent: Mozilla/5.0 (Windows NT 6.1; WOW64) AppleWebKit/537.36 (KHTML, like Gecko) Chrome/44.0.2403.155 Safari/537.36
2015-08-11 14:42:49,471 INFO  - Initializing GeositeFramework, version 0.1.0
2015-08-11 14:42:58,363 ERROR - ClientLog: Unable to load module ./jquery-ui.min.js
 - While attempting to load Dojo module
 - UserAgent: Mozilla/5.0 (Windows NT 6.1; WOW64) AppleWebKit/537.36 (KHTML, like Gecko) Chrome/44.0.2403.155 Safari/537.36
2015-08-11 14:42:58,364 ERROR - ClientLog: Unable to load module http://54.241.26.242/tnc_la_freshwater_dev/plugins/flow_app/Chart.min.js
 - While attempting to load Dojo module
 - UserAgent: Mozilla/5.0 (Windows NT 6.1; WOW64) AppleWebKit/537.36 (KHTML, like Gecko) Chrome/44.0.2403.155 Safari/537.36
2015-08-11 14:46:28,774 INFO  - Initializing GeositeFramework, version 0.1.0
2015-08-11 14:50:35,035 ERROR - ClientLog: Unable to load module ./jquery-ui.min.js
 - While attempting to load Dojo module
 - UserAgent: Mozilla/5.0 (Windows NT 6.1; WOW64) AppleWebKit/537.36 (KHTML, like Gecko) Chrome/44.0.2403.155 Safari/537.36
2015-08-11 14:50:35,073 ERROR - ClientLog: Unable to load module http://54.241.26.242/tnc_la_freshwater_dev/plugins/flow_app/Chart.min.js
 - While attempting to load Dojo module
 - UserAgent: Mozilla/5.0 (Windows NT 6.1; WOW64) AppleWebKit/537.36 (KHTML, like Gecko) Chrome/44.0.2403.155 Safari/537.36
2015-08-11 14:51:14,234 ERROR - ClientLog: Unable to load module ./jquery-ui.min.js
 - While attempting to load Dojo module
 - UserAgent: Mozilla/5.0 (Windows NT 6.1; WOW64; rv:40.0) Gecko/20100101 Firefox/40.0
2015-08-11 14:51:14,242 ERROR - ClientLog: Unable to load module http://54.241.26.242/tnc_la_freshwater_dev/plugins/flow_app/Chart.min.js
 - While attempting to load Dojo module
 - UserAgent: Mozilla/5.0 (Windows NT 6.1; WOW64; rv:40.0) Gecko/20100101 Firefox/40.0
2015-08-11 14:51:28,405 ERROR - ClientLog: Unable to load module ./jquery-ui.min.js
 - While attempting to load Dojo module
 - UserAgent: Mozilla/5.0 (Windows NT 6.1; WOW64; rv:40.0) Gecko/20100101 Firefox/40.0
2015-08-11 14:51:28,833 ERROR - ClientLog: Unable to load module http://54.241.26.242/tnc_la_freshwater_dev/plugins/flow_app/Chart.min.js
 - While attempting to load Dojo module
 - UserAgent: Mozilla/5.0 (Windows NT 6.1; WOW64; rv:40.0) Gecko/20100101 Firefox/40.0
2015-08-11 14:52:48,831 ERROR - ClientLog: Unable to load module ./jquery-ui.min.js
 - While attempting to load Dojo module
 - UserAgent: Mozilla/5.0 (Windows NT 6.1; WOW64) AppleWebKit/537.36 (KHTML, like Gecko) Chrome/44.0.2403.155 Safari/537.36
2015-08-11 14:52:48,838 ERROR - ClientLog: Unable to load module http://54.241.26.242/tnc_la_freshwater_dev/plugins/flow_app/Chart.min.js
 - While attempting to load Dojo module
 - UserAgent: Mozilla/5.0 (Windows NT 6.1; WOW64) AppleWebKit/537.36 (KHTML, like Gecko) Chrome/44.0.2403.155 Safari/537.36
2015-08-11 14:53:43,199 INFO  - Initializing GeositeFramework, version 0.1.0
2015-08-11 14:54:18,729 INFO  - Initializing GeositeFramework, version 0.1.0
2015-08-11 14:55:17,975 ERROR - ClientLog: Unable to load module http://54.241.26.242/tnc_la_freshwater_dev/plugins/flow_app/Chart.min.js
 - While attempting to load Dojo module
 - UserAgent: Mozilla/5.0 (Windows NT 6.1; WOW64) AppleWebKit/537.36 (KHTML, like Gecko) Chrome/44.0.2403.155 Safari/537.36
2015-08-11 14:55:17,976 ERROR - ClientLog: Unable to load module ./jquery-ui.min.js
 - While attempting to load Dojo module
 - UserAgent: Mozilla/5.0 (Windows NT 6.1; WOW64) AppleWebKit/537.36 (KHTML, like Gecko) Chrome/44.0.2403.155 Safari/537.36
2015-08-11 14:55:42,379 INFO  - Initializing GeositeFramework, version 0.1.0
2015-08-11 14:56:47,822 INFO  - Initializing GeositeFramework, version 0.1.0
2015-08-11 14:56:51,521 ERROR - ClientLog: Unable to load module ./jquery-ui.min.js
 - While attempting to load Dojo module
 - UserAgent: Mozilla/5.0 (Windows NT 6.1; WOW64) AppleWebKit/537.36 (KHTML, like Gecko) Chrome/44.0.2403.155 Safari/537.36
2015-08-11 14:56:51,521 ERROR - ClientLog: Unable to load module http://54.241.26.242/tnc_la_freshwater_dev/plugins/flow_app/Chart.min.js
 - While attempting to load Dojo module
 - UserAgent: Mozilla/5.0 (Windows NT 6.1; WOW64) AppleWebKit/537.36 (KHTML, like Gecko) Chrome/44.0.2403.155 Safari/537.36
2015-08-11 14:57:01,956 ERROR - ClientLog: Unable to load module ./jquery-ui.min.js
 - While attempting to load Dojo module
 - UserAgent: Mozilla/5.0 (Windows NT 6.1; WOW64; rv:40.0) Gecko/20100101 Firefox/40.0
2015-08-11 14:57:01,961 ERROR - ClientLog: Unable to load module http://54.241.26.242/tnc_la_freshwater_dev/plugins/flow_app/Chart.min.js
 - While attempting to load Dojo module
 - UserAgent: Mozilla/5.0 (Windows NT 6.1; WOW64; rv:40.0) Gecko/20100101 Firefox/40.0
2015-08-11 15:02:38,905 ERROR - ClientLog: Unable to load module ./jquery-ui.min.js
 - While attempting to load Dojo module
 - UserAgent: Mozilla/5.0 (Windows NT 6.1; WOW64) AppleWebKit/537.36 (KHTML, like Gecko) Chrome/44.0.2403.130 Safari/537.36
2015-08-11 15:02:38,968 ERROR - ClientLog: Unable to load module http://54.241.26.242/tnc_la_freshwater_dev/plugins/flow_app/Chart.min.js
 - While attempting to load Dojo module
 - UserAgent: Mozilla/5.0 (Windows NT 6.1; WOW64) AppleWebKit/537.36 (KHTML, like Gecko) Chrome/44.0.2403.130 Safari/537.36
2015-08-11 15:03:15,193 ERROR - ClientLog: Unable to load module ./jquery-ui.min.js
 - While attempting to load Dojo module
 - UserAgent: Mozilla/5.0 (Windows NT 6.1; WOW64; rv:39.0) Gecko/20100101 Firefox/39.0
2015-08-11 15:03:15,263 ERROR - ClientLog: Unable to load module http://54.241.26.242/tnc_la_freshwater_dev/plugins/flow_app/Chart.min.js
 - While attempting to load Dojo module
 - UserAgent: Mozilla/5.0 (Windows NT 6.1; WOW64; rv:39.0) Gecko/20100101 Firefox/39.0
2015-08-11 15:14:10,703 ERROR - ClientLog: Unable to load module ./jquery-ui.min.js
 - While attempting to load Dojo module
 - UserAgent: Mozilla/5.0 (Windows NT 6.1; WOW64) AppleWebKit/537.36 (KHTML, like Gecko) Chrome/44.0.2403.130 Safari/537.36
2015-08-11 15:14:10,912 ERROR - ClientLog: Unable to load module http://54.241.26.242/tnc_la_freshwater_dev/plugins/flow_app/Chart.min.js
 - While attempting to load Dojo module
 - UserAgent: Mozilla/5.0 (Windows NT 6.1; WOW64) AppleWebKit/537.36 (KHTML, like Gecko) Chrome/44.0.2403.130 Safari/537.36
2015-08-11 15:20:22,857 ERROR - ClientLog: Unable to load module ./jquery-ui.min.js
 - While attempting to load Dojo module
 - UserAgent: Mozilla/5.0 (Windows NT 6.1; WOW64; rv:39.0) Gecko/20100101 Firefox/39.0
2015-08-11 15:20:22,859 ERROR - ClientLog: Unable to load module http://54.241.26.242/tnc_la_freshwater_dev/plugins/flow_app/Chart.min.js
 - While attempting to load Dojo module
 - UserAgent: Mozilla/5.0 (Windows NT 6.1; WOW64; rv:39.0) Gecko/20100101 Firefox/39.0
2015-08-12 07:04:02,673 INFO  - Initializing GeositeFramework, version 0.1.0
2015-08-12 08:10:19,850 INFO  - Initializing GeositeFramework, version 0.1.0
2015-08-13 07:01:42,055 INFO  - Initializing GeositeFramework, version 0.1.0
2015-08-14 07:03:15,616 INFO  - Initializing GeositeFramework, version 0.1.0
2015-08-15 07:04:48,593 INFO  - Initializing GeositeFramework, version 0.1.0
2015-08-16 07:01:26,569 INFO  - Initializing GeositeFramework, version 0.1.0
2015-08-17 07:02:57,290 INFO  - Initializing GeositeFramework, version 0.1.0
2015-08-18 07:04:32,192 INFO  - Initializing GeositeFramework, version 0.1.0
2015-08-19 07:01:11,057 INFO  - Initializing GeositeFramework, version 0.1.0
2015-08-20 07:03:47,839 INFO  - Initializing GeositeFramework, version 0.1.0
2015-08-20 10:34:43,097 INFO  - Initializing GeositeFramework, version 0.1.0
2015-08-20 10:53:54,771 INFO  - Initializing GeositeFramework, version 0.1.0
2015-08-20 10:58:52,008 ERROR - ClientLog: Error in URL Shortener
 - UserAgent: Mozilla/5.0 (Macintosh; Intel Mac OS X 10_10_5) AppleWebKit/600.8.9 (KHTML, like Gecko) Version/8.0.8 Safari/600.8.9
2015-08-21 07:00:49,206 INFO  - Initializing GeositeFramework, version 0.1.0
2015-08-22 07:02:23,411 INFO  - Initializing GeositeFramework, version 0.1.0
2015-08-23 07:03:58,567 INFO  - Initializing GeositeFramework, version 0.1.0
2015-08-24 07:00:30,129 INFO  - Initializing GeositeFramework, version 0.1.0
2015-08-24 14:06:01,220 INFO  - Initializing GeositeFramework, version 0.1.0
2015-08-25 07:02:04,468 INFO  - Initializing GeositeFramework, version 0.1.0
2015-08-26 07:03:41,154 INFO  - Initializing GeositeFramework, version 0.1.0
2015-08-27 07:00:13,844 INFO  - Initializing GeositeFramework, version 0.1.0
2015-08-28 07:01:47,719 INFO  - Initializing GeositeFramework, version 0.1.0
2015-08-29 07:03:23,443 INFO  - Initializing GeositeFramework, version 0.1.0
2015-08-30 07:04:56,062 INFO  - Initializing GeositeFramework, version 0.1.0
2015-08-31 07:01:28,218 INFO  - Initializing GeositeFramework, version 0.1.0
2015-09-01 07:03:04,550 INFO  - Initializing GeositeFramework, version 0.1.0
2015-09-01 14:03:55,517 INFO  - Initializing GeositeFramework, version 0.1.0
2015-09-01 14:23:59,192 INFO  - Initializing GeositeFramework, version 0.1.0
2015-09-01 14:29:01,604 INFO  - Initializing GeositeFramework, version 0.1.0
2015-09-01 14:34:04,022 INFO  - Initializing GeositeFramework, version 0.1.0
2015-09-01 14:39:06,457 INFO  - Initializing GeositeFramework, version 0.1.0
2015-09-02 07:04:47,085 INFO  - Initializing GeositeFramework, version 0.1.0
2015-09-02 14:00:36,367 INFO  - Initializing GeositeFramework, version 0.1.0
2015-09-03 07:07:17,579 INFO  - Initializing GeositeFramework, version 0.1.0
2015-09-03 14:33:00,421 INFO  - Initializing GeositeFramework, version 0.1.0
2015-09-03 14:48:03,850 INFO  - Initializing GeositeFramework, version 0.1.0
2015-09-03 15:08:07,580 INFO  - Initializing GeositeFramework, version 0.1.0
2015-09-03 15:13:10,028 INFO  - Initializing GeositeFramework, version 0.1.0
2015-09-03 15:23:12,862 INFO  - Initializing GeositeFramework, version 0.1.0
2015-09-03 15:28:15,290 INFO  - Initializing GeositeFramework, version 0.1.0
2015-09-03 15:33:17,690 INFO  - Initializing GeositeFramework, version 0.1.0
2015-09-04 07:03:55,490 INFO  - Initializing GeositeFramework, version 0.1.0
2015-09-05 07:07:14,807 INFO  - Initializing GeositeFramework, version 0.1.0
2015-09-06 07:04:29,444 INFO  - Initializing GeositeFramework, version 0.1.0
2015-09-07 07:07:27,993 INFO  - Initializing GeositeFramework, version 0.1.0
2015-09-08 07:04:51,964 INFO  - Initializing GeositeFramework, version 0.1.0
2015-09-09 07:07:42,338 INFO  - Initializing GeositeFramework, version 0.1.0
2015-09-09 09:53:03,426 INFO  - Initializing GeositeFramework, version 0.1.0
2015-09-09 14:33:29,929 INFO  - Initializing GeositeFramework, version 0.1.0
2015-09-10 07:03:01,751 INFO  - Initializing GeositeFramework, version 0.1.0
2015-09-11 07:04:39,826 INFO  - Initializing GeositeFramework, version 0.1.0
2015-09-12 07:01:25,732 INFO  - Initializing GeositeFramework, version 0.1.0
2015-09-13 07:02:59,086 INFO  - Initializing GeositeFramework, version 0.1.0
2015-09-14 07:04:33,203 INFO  - Initializing GeositeFramework, version 0.1.0
2015-09-15 07:07:29,932 INFO  - Initializing GeositeFramework, version 0.1.0
2015-09-16 07:04:25,086 INFO  - Initializing GeositeFramework, version 0.1.0
2015-09-17 07:04:47,328 INFO  - Initializing GeositeFramework, version 0.1.0
2015-09-17 13:35:36,188 INFO  - Initializing GeositeFramework, version 0.1.0
2015-09-18 07:01:24,582 INFO  - Initializing GeositeFramework, version 0.1.0
2015-09-19 07:03:28,235 INFO  - Initializing GeositeFramework, version 0.1.0
2015-09-20 07:00:37,764 INFO  - Initializing GeositeFramework, version 0.1.0
2015-09-21 07:02:08,392 INFO  - Initializing GeositeFramework, version 0.1.0
2015-09-21 09:06:56,389 INFO  - Initializing GeositeFramework, version 0.1.0
2015-09-21 09:37:35,174 INFO  - Initializing GeositeFramework, version 0.1.0
2015-09-21 11:12:45,071 INFO  - Initializing GeositeFramework, version 0.1.0
2015-09-21 11:17:47,498 INFO  - Initializing GeositeFramework, version 0.1.0
2015-09-21 17:31:05,662 ERROR - ClientLog: Unable to load module http://serverapi.arcgisonline.com/jsapi/arcgis/3.5compact/js/dojo/dijit/form/HorizontalRule.js
 - While attempting to load Dojo module
 - UserAgent: Mozilla/5.0 (Windows NT 6.1; WOW64; rv:40.0) Gecko/20100101 Firefox/40.0
2015-09-22 07:03:44,501 INFO  - Initializing GeositeFramework, version 0.1.0
2015-09-23 07:00:14,933 INFO  - Initializing GeositeFramework, version 0.1.0
2015-09-24 07:01:46,830 INFO  - Initializing GeositeFramework, version 0.1.0
2015-09-25 07:04:36,313 INFO  - Initializing GeositeFramework, version 0.1.0
2015-09-25 09:47:33,463 INFO  - Initializing GeositeFramework, version 0.1.0
2015-09-25 09:50:04,149 INFO  - Initializing GeositeFramework, version 0.1.0
2015-09-25 09:53:25,995 INFO  - Initializing GeositeFramework, version 0.1.0
2015-09-25 10:06:44,768 INFO  - Initializing GeositeFramework, version 0.1.0
2015-09-25 10:51:18,959 INFO  - Initializing GeositeFramework, version 0.1.0
2015-09-25 10:54:22,276 INFO  - Initializing GeositeFramework, version 0.1.0
2015-09-25 10:55:45,552 INFO  - Initializing GeositeFramework, version 0.1.0
2015-09-25 11:12:13,877 INFO  - Initializing GeositeFramework, version 0.1.0
2015-09-25 11:21:57,271 INFO  - Initializing GeositeFramework, version 0.1.0
2015-09-25 11:22:54,869 INFO  - Initializing GeositeFramework, version 0.1.0
2015-09-25 11:24:10,223 INFO  - Initializing GeositeFramework, version 0.1.0
2015-09-25 11:24:57,497 INFO  - Initializing GeositeFramework, version 0.1.0
2015-09-25 12:54:36,772 INFO  - Initializing GeositeFramework, version 0.1.0
2015-09-25 13:02:08,391 INFO  - Initializing GeositeFramework, version 0.1.0
2015-09-25 14:54:28,822 INFO  - Initializing GeositeFramework, version 0.1.0
2015-09-26 07:02:59,036 INFO  - Initializing GeositeFramework, version 0.1.0
2015-09-26 22:36:44,824 INFO  - Initializing GeositeFramework, version 0.1.0
2015-09-27 07:04:29,889 INFO  - Initializing GeositeFramework, version 0.1.0
2015-09-28 07:01:00,133 INFO  - Initializing GeositeFramework, version 0.1.0
2015-09-28 10:55:01,789 INFO  - Initializing GeositeFramework, version 0.1.0
2015-09-29 07:02:32,220 INFO  - Initializing GeositeFramework, version 0.1.0
2015-09-30 07:04:04,143 INFO  - Initializing GeositeFramework, version 0.1.0
2015-10-01 07:00:35,246 INFO  - Initializing GeositeFramework, version 0.1.0
2015-10-02 07:02:08,087 INFO  - Initializing GeositeFramework, version 0.1.0
2015-10-03 07:01:27,337 INFO  - Initializing GeositeFramework, version 0.1.0
2015-10-04 07:02:58,084 INFO  - Initializing GeositeFramework, version 0.1.0
2015-10-05 07:04:28,044 INFO  - Initializing GeositeFramework, version 0.1.0
2015-10-06 07:04:29,347 INFO  - Initializing GeositeFramework, version 0.1.0
2015-10-07 07:01:00,739 INFO  - Initializing GeositeFramework, version 0.1.0
2015-10-08 07:02:34,337 INFO  - Initializing GeositeFramework, version 0.1.0
2015-10-08 11:49:50,877 INFO  - Initializing GeositeFramework, version 0.1.0
2015-10-09 07:04:03,701 INFO  - Initializing GeositeFramework, version 0.1.0
2015-10-10 07:00:34,957 INFO  - Initializing GeositeFramework, version 0.1.0
2015-10-11 07:02:07,419 INFO  - Initializing GeositeFramework, version 0.1.0
2015-10-12 07:03:37,627 INFO  - Initializing GeositeFramework, version 0.1.0
2015-10-13 07:00:07,906 INFO  - Initializing GeositeFramework, version 0.1.0
2015-10-14 07:01:41,144 INFO  - Initializing GeositeFramework, version 0.1.0
2015-10-15 07:00:23,707 INFO  - Initializing GeositeFramework, version 0.1.0
2015-10-16 07:01:58,312 INFO  - Initializing GeositeFramework, version 0.1.0
2015-10-17 07:03:29,098 INFO  - Initializing GeositeFramework, version 0.1.0
2015-10-18 07:05:00,871 INFO  - Initializing GeositeFramework, version 0.1.0
2015-10-19 07:01:43,148 INFO  - Initializing GeositeFramework, version 0.1.0
2015-10-19 13:02:44,947 INFO  - Initializing GeositeFramework, version 0.1.0
2015-10-19 13:25:16,034 INFO  - Initializing GeositeFramework, version 0.1.0
2015-10-19 13:53:01,847 INFO  - Initializing GeositeFramework, version 0.1.0
2015-10-20 07:03:14,977 INFO  - Initializing GeositeFramework, version 0.1.0
2015-10-21 07:04:48,497 INFO  - Initializing GeositeFramework, version 0.1.0
2015-10-22 07:02:42,688 INFO  - Initializing GeositeFramework, version 0.1.0
2015-10-23 07:04:23,603 INFO  - Initializing GeositeFramework, version 0.1.0
2015-10-24 07:01:03,999 INFO  - Initializing GeositeFramework, version 0.1.0
2015-10-25 07:02:39,661 INFO  - Initializing GeositeFramework, version 0.1.0
2015-10-26 07:04:13,264 INFO  - Initializing GeositeFramework, version 0.1.0
2015-10-27 07:01:15,982 INFO  - Initializing GeositeFramework, version 0.1.0
2015-10-28 07:03:06,734 INFO  - Initializing GeositeFramework, version 0.1.0
2015-10-28 10:46:09,901 ERROR - ClientLog: multipleDefine
 - While attempting to load Dojo module
 - UserAgent: Mozilla/5.0 (Windows NT 6.1; WOW64) AppleWebKit/537.36 (KHTML, like Gecko) Chrome/46.0.2490.80 Safari/537.36
2015-10-29 07:04:44,561 INFO  - Initializing GeositeFramework, version 0.1.0
2015-10-30 07:01:18,585 INFO  - Initializing GeositeFramework, version 0.1.0
2015-10-30 11:21:55,670 INFO  - Initializing GeositeFramework, version 0.1.0
2015-10-31 07:02:54,046 INFO  - Initializing GeositeFramework, version 0.1.0
2015-11-01 07:04:21,971 INFO  - Initializing GeositeFramework, version 0.1.0
2015-11-02 07:00:50,156 INFO  - Initializing GeositeFramework, version 0.1.0
2015-11-02 09:49:18,293 ERROR - ClientLog: multipleDefine
 - While attempting to load Dojo module
 - UserAgent: Mozilla/5.0 (Windows NT 6.1; WOW64) AppleWebKit/537.36 (KHTML, like Gecko) Chrome/46.0.2490.80 Safari/537.36
2015-11-03 07:02:19,471 INFO  - Initializing GeositeFramework, version 0.1.0
2015-11-03 11:37:55,926 INFO  - Initializing GeositeFramework, version 0.1.0
2015-11-04 07:03:52,669 INFO  - Initializing GeositeFramework, version 0.1.0
2015-11-05 07:00:23,577 INFO  - Initializing GeositeFramework, version 0.1.0
2015-11-06 07:02:05,960 INFO  - Initializing GeositeFramework, version 0.1.0
2015-11-06 10:25:49,447 ERROR - ClientLog: Error in URL Shortener
 - UserAgent: Mozilla/5.0 (Windows NT 6.1; WOW64) AppleWebKit/537.36 (KHTML, like Gecko) Chrome/46.0.2490.80 Safari/537.36
2015-11-06 14:37:55,232 ERROR - ClientLog: Error in URL Shortener
 - UserAgent: Mozilla/5.0 (Windows NT 6.1; WOW64; rv:41.0) Gecko/20100101 Firefox/41.0
2015-11-07 07:03:39,856 INFO  - Initializing GeositeFramework, version 0.1.0
2015-11-08 07:00:06,441 INFO  - Initializing GeositeFramework, version 0.1.0
2015-11-09 07:01:34,391 INFO  - Initializing GeositeFramework, version 0.1.0
2015-11-10 07:03:19,852 INFO  - Initializing GeositeFramework, version 0.1.0
2015-11-11 07:00:40,025 INFO  - Initializing GeositeFramework, version 0.1.0
